0 info it worked if it ends with ok
1 verbose cli [ 'c:\\Program Files\\iojs\\node.exe',
1 verbose cli   'c:\\Program Files\\iojs\\node_modules\\npm\\bin\\npm-cli.js',
1 verbose cli   'install',
1 verbose cli   'nancy.testing' ]
2 info using npm@2.7.1
3 info using node@v1.6.2
4 silly cache add args [ 'nancy.testing', null ]
5 verbose cache add spec nancy.testing
6 silly cache add parsed spec { raw: 'nancy.testing',
6 silly cache add   scope: null,
6 silly cache add   name: 'nancy.testing',
6 silly cache add   rawSpec: '',
6 silly cache add   spec: '*',
6 silly cache add   type: 'range' }
7 verbose addNamed nancy.testing@*
8 silly addNamed semver.valid null
9 silly addNamed semver.validRange *
10 silly addNameRange { name: 'nancy.testing', range: '*', hasData: false }
11 silly mapToRegistry name nancy.testing
12 silly mapToRegistry using default registry
13 silly mapToRegistry registry https://registry.npmjs.org/
14 silly mapToRegistry uri https://registry.npmjs.org/nancy.testing
15 verbose addNameRange registry:https://registry.npmjs.org/nancy.testing not in flight; fetching
16 verbose request uri https://registry.npmjs.org/nancy.testing
17 verbose request no auth needed
18 info attempt registry request try #1 at 15:37:28
19 verbose request id f7df5585cda9d015
20 http request GET https://registry.npmjs.org/nancy.testing
21 http 404 https://registry.npmjs.org/nancy.testing
22 verbose headers { server: 'CouchDB/1.5.0 (Erlang OTP/R16B03)',
22 verbose headers   'content-type': 'application/json',
22 verbose headers   'cache-control': 'max-age=0',
22 verbose headers   'content-length': '51',
22 verbose headers   'accept-ranges': 'bytes',
22 verbose headers   date: 'Mon, 18 May 2015 07:37:33 GMT',
22 verbose headers   via: '1.1 varnish',
22 verbose headers   age: '0',
22 verbose headers   connection: 'keep-alive',
22 verbose headers   'x-served-by': 'cache-nrt6132-NRT',
22 verbose headers   'x-cache': 'MISS',
22 verbose headers   'x-cache-hits': '0',
22 verbose headers   'x-timer': 'S1431934653.215261,VS0,VE107' }
23 silly get cb [ 404,
23 silly get   { server: 'CouchDB/1.5.0 (Erlang OTP/R16B03)',
23 silly get     'content-type': 'application/json',
23 silly get     'cache-control': 'max-age=0',
23 silly get     'content-length': '51',
23 silly get     'accept-ranges': 'bytes',
23 silly get     date: 'Mon, 18 May 2015 07:37:33 GMT',
23 silly get     via: '1.1 varnish',
23 silly get     age: '0',
23 silly get     connection: 'keep-alive',
23 silly get     'x-served-by': 'cache-nrt6132-NRT',
23 silly get     'x-cache': 'MISS',
23 silly get     'x-cache-hits': '0',
23 silly get     'x-timer': 'S1431934653.215261,VS0,VE107' } ]
24 verbose stack Error: 404 Not Found: nancy.testing
24 verbose stack     at CachingRegistryClient.<anonymous> (c:\Program Files\iojs\node_modules\npm\node_modules\npm-registry-client\lib\request.js:251:14)
24 verbose stack     at Request._callback (c:\Program Files\iojs\node_modules\npm\node_modules\npm-registry-client\lib\request.js:178:14)
24 verbose stack     at Request.self.callback (c:\Program Files\iojs\node_modules\npm\node_modules\request\request.js:344:22)
24 verbose stack     at emitTwo (events.js:87:13)
24 verbose stack     at Request.emit (events.js:169:7)
24 verbose stack     at Request.<anonymous> (c:\Program Files\iojs\node_modules\npm\node_modules\request\request.js:1239:14)
24 verbose stack     at emitOne (events.js:82:20)
24 verbose stack     at Request.emit (events.js:166:7)
24 verbose stack     at IncomingMessage.<anonymous> (c:\Program Files\iojs\node_modules\npm\node_modules\request\request.js:1187:12)
24 verbose stack     at emitNone (events.js:72:20)
25 verbose statusCode 404
26 verbose pkgid nancy.testing
27 verbose cwd C:\Users\liubinbin\Documents\binbin-reader\WebApplication1
28 error Windows_NT 6.3.9600
29 error argv "c:\\Program Files\\iojs\\node.exe" "c:\\Program Files\\iojs\\node_modules\\npm\\bin\\npm-cli.js" "install" "nancy.testing"
30 error node v1.6.2
31 error npm  v2.7.1
32 error code E404
33 error 404 Not Found: nancy.testing
33 error 404
33 error 404 'nancy.testing' is not in the npm registry.
33 error 404 You should bug the author to publish it (or use the name yourself!)
33 error 404
33 error 404 Note that you can also install from a
33 error 404 tarball, folder, http url, or git url.
34 verbose exit [ 1, true ]
